{"contracts/BridgeBase.sol":{"l":{"16":3,"17":3,"20":1,"21":1,"22":1},"path":"/home/oncemore/BlockchainWork/Tendie/token-bridge/contracts/BridgeBase.sol","s":{"1":3,"2":3,"3":1,"4":1},"b":{},"f":{"1":3,"2":1},"fnMap":{"1":{"name":"constructor","line":15,"loc":{"start":{"line":15,"column":4},"end":{"line":18,"column":4}}},"2":{"name":"burn","line":19,"loc":{"start":{"line":19,"column":4},"end":{"line":23,"column":4}}}},"statementMap":{"1":{"start":{"line":16,"column":8},"end":{"line":16,"column":25}},"2":{"start":{"line":17,"column":8},"end":{"line":17,"column":29}},"3":{"start":{"line":20,"column":8},"end":{"line":20,"column":37}},"4":{"start":{"line":21,"column":8},"end":{"line":21,"column":80}}},"branchMap":{}},"contracts/BridgeBsc.sol":{"l":{},"path":"/home/oncemore/BlockchainWork/Tendie/token-bridge/contracts/BridgeBsc.sol","s":{},"b":{},"f":{"1":3},"fnMap":{"1":{"name":"constructor","line":7,"loc":{"start":{"line":7,"column":4},"end":{"line":7,"column":56}}}},"statementMap":{},"branchMap":{}},"contracts/IToken.sol":{"l":{},"path":"/home/oncemore/BlockchainWork/Tendie/token-bridge/contracts/IToken.sol","s":{},"b":{},"f":{},"fnMap":{},"statementMap":{},"branchMap":{}},"contracts/TokenBase.sol":{"l":{"9":3,"12":3,"13":3,"17":5,"18":5,"22":5,"23":5},"path":"/home/oncemore/BlockchainWork/Tendie/token-bridge/contracts/TokenBase.sol","s":{"1":3,"2":3,"3":3,"4":5,"5":5,"6":5,"7":5},"b":{"1":[3,0],"2":[5,0],"3":[5,0]},"f":{"1":3,"2":3,"3":5,"4":5},"fnMap":{"1":{"name":"constructor","line":8,"loc":{"start":{"line":8,"column":4},"end":{"line":10,"column":4}}},"2":{"name":"updateAdmin","line":11,"loc":{"start":{"line":11,"column":4},"end":{"line":14,"column":4}}},"3":{"name":"mint","line":16,"loc":{"start":{"line":16,"column":4},"end":{"line":19,"column":4}}},"4":{"name":"burn","line":21,"loc":{"start":{"line":21,"column":4},"end":{"line":24,"column":4}}}},"statementMap":{"1":{"start":{"line":9,"column":8},"end":{"line":9,"column":25}},"2":{"start":{"line":12,"column":8},"end":{"line":12,"column":71}},"3":{"start":{"line":13,"column":8},"end":{"line":13,"column":23}},"4":{"start":{"line":17,"column":8},"end":{"line":17,"column":58}},"5":{"start":{"line":18,"column":8},"end":{"line":18,"column":24}},"6":{"start":{"line":22,"column":8},"end":{"line":22,"column":58}},"7":{"start":{"line":23,"column":8},"end":{"line":23,"column":27}}},"branchMap":{"1":{"line":12,"type":"if","locations":[{"start":{"line":12,"column":8},"end":{"line":12,"column":8}},{"start":{"line":12,"column":8},"end":{"line":12,"column":8}}]},"2":{"line":17,"type":"if","locations":[{"start":{"line":17,"column":8},"end":{"line":17,"column":8}},{"start":{"line":17,"column":8},"end":{"line":17,"column":8}}]},"3":{"line":22,"type":"if","locations":[{"start":{"line":22,"column":8},"end":{"line":22,"column":8}},{"start":{"line":22,"column":8},"end":{"line":22,"column":8}}]}}},"contracts/TokenBsc.sol":{"l":{},"path":"/home/oncemore/BlockchainWork/Tendie/token-bridge/contracts/TokenBsc.sol","s":{},"b":{},"f":{"1":3},"fnMap":{"1":{"name":"constructor","line":7,"loc":{"start":{"line":7,"column":4},"end":{"line":7,"column":55}}}},"statementMap":{},"branchMap":{}}}