TN:
SF:/home/oncemore/BlockchainWork/Tendie/token-bridge/contracts/BridgeBase.sol
FN:15,constructor
FN:19,burn
FNF:2
FNH:2
FNDA:3,constructor
FNDA:1,burn
DA:16,3
DA:17,3
DA:20,1
DA:21,1
DA:22,1
LF:5
LH:5
BRF:0
BRH:0
end_of_record
TN:
SF:/home/oncemore/BlockchainWork/Tendie/token-bridge/contracts/BridgeBsc.sol
FN:7,constructor
FNF:1
FNH:1
FNDA:3,constructor
LF:0
LH:0
BRF:0
BRH:0
end_of_record
TN:
SF:/home/oncemore/BlockchainWork/Tendie/token-bridge/contracts/IToken.sol
FNF:0
FNH:0
LF:0
LH:0
BRF:0
BRH:0
end_of_record
TN:
SF:/home/oncemore/BlockchainWork/Tendie/token-bridge/contracts/TokenBase.sol
FN:8,constructor
FN:11,updateAdmin
FN:16,mint
FN:21,burn
FNF:4
FNH:4
FNDA:3,constructor
FNDA:3,updateAdmin
FNDA:5,mint
FNDA:5,burn
DA:9,3
DA:12,3
DA:13,3
DA:17,5
DA:18,5
DA:22,5
DA:23,5
LF:7
LH:7
BRDA:12,1,0,3
BRDA:12,1,1,0
BRDA:17,2,0,5
BRDA:17,2,1,0
BRDA:22,3,0,5
BRDA:22,3,1,0
BRF:6
BRH:3
end_of_record
TN:
SF:/home/oncemore/BlockchainWork/Tendie/token-bridge/contracts/TokenBsc.sol
FN:7,constructor
FNF:1
FNH:1
FNDA:3,constructor
LF:0
LH:0
BRF:0
BRH:0
end_of_record
